<?xml version="1.0" encoding="UTF-8"?>
<!-- Generated by org.testng.reporters.JUnitReportReporter -->
<testsuite skipped="1" hostname="bntadmin" name="TestNGRunnerCL" tests="1" failures="0" timestamp="11 Nov 2020 08:39:59 GMT" time="1.137" errors="0">
  <testcase name="run_cukes" time="1.137" classname="TestNGRunnerCL">
    <skipped/>
  </testcase> <!-- run_cukes -->
</testsuite> <!-- TestNGRunnerCL -->
